  shooting1.cpp
C:\Users\yuki_\OneDrive(2)\OneDrive\東京理科大学\ITC\C++\shooting\shooting\shooting\shooting1.cpp(46,30): warning C4244: '引数': 'time_t' から 'unsigned int' への変換です。データが失われる可能性があります。
C:\Users\yuki_\OneDrive(2)\OneDrive\東京理科大学\ITC\C++\shooting\shooting\shooting\shooting1.cpp(61,30): warning C4244: '引数': 'time_t' から 'unsigned int' への変換です。データが失われる可能性があります。
C:\Users\yuki_\OneDrive(2)\OneDrive\東京理科大学\ITC\C++\shooting\shooting\shooting\shooting1.cpp(293,55): warning C4244: '引数': 'int' から 'float' への変換です。データが失われる可能性があります。
C:\Users\yuki_\OneDrive(2)\OneDrive\東京理科大学\ITC\C++\shooting\shooting\shooting\shooting1.cpp(293,44): warning C4244: '引数': 'int' から 'float' への変換です。データが失われる可能性があります。
C:\Users\yuki_\OneDrive(2)\OneDrive\東京理科大学\ITC\C++\shooting\shooting\shooting\shooting1.cpp(293,33): warning C4244: '引数': 'int' から 'float' への変換です。データが失われる可能性があります。
C:\Users\yuki_\OneDrive(2)\OneDrive\東京理科大学\ITC\C++\shooting\shooting\shooting\shooting1.cpp(303,55): warning C4244: '引数': 'int' から 'float' への変換です。データが失われる可能性があります。
C:\Users\yuki_\OneDrive(2)\OneDrive\東京理科大学\ITC\C++\shooting\shooting\shooting\shooting1.cpp(303,44): warning C4244: '引数': 'int' から 'float' への変換です。データが失われる可能性があります。
C:\Users\yuki_\OneDrive(2)\OneDrive\東京理科大学\ITC\C++\shooting\shooting\shooting\shooting1.cpp(303,33): warning C4244: '引数': 'int' から 'float' への変換です。データが失われる可能性があります。
C:\Users\yuki_\OneDrive(2)\OneDrive\東京理科大学\ITC\C++\shooting\shooting\shooting\shooting1.cpp(419,59): warning C4244: '引数': 'int' から 'float' への変換です。データが失われる可能性があります。
C:\Users\yuki_\OneDrive(2)\OneDrive\東京理科大学\ITC\C++\shooting\shooting\shooting\shooting1.cpp(419,46): warning C4244: '引数': 'int' から 'float' への変換です。データが失われる可能性があります。
C:\Users\yuki_\OneDrive(2)\OneDrive\東京理科大学\ITC\C++\shooting\shooting\shooting\shooting1.cpp(419,35): warning C4244: '引数': 'int' から 'float' への変換です。データが失われる可能性があります。
C:\Users\yuki_\OneDrive(2)\OneDrive\東京理科大学\ITC\C++\shooting\shooting\shooting\shooting1.cpp(419,27): warning C4244: '引数': 'int' から 'float' への変換です。データが失われる可能性があります。
C:\Users\yuki_\OneDrive(2)\OneDrive\東京理科大学\ITC\C++\shooting\shooting\shooting\shooting1.cpp(421,42): warning C4244: '+=': 'double' から 'int' への変換です。データが失われる可能性があります。
  コード生成しています。
  Previous IPDB not found, fall back to full compilation.
C:\Users\yuki_\OneDrive(2)\OneDrive\東京理科大学\ITC\C++\shooting\shooting\shooting\shooting1.cpp(538): warning C4715: 'WinMain': 値を返さないコントロール パスがあります。
  All 14 functions were compiled because no usable IPDB/IOBJ from previous compilation was found.
  コード生成が終了しました。
  shooting.vcxproj -> C:\Users\yuki_\OneDrive(2)\OneDrive\東京理科大学\ITC\C++\shooting\shooting\Release\shooting.exe
